<?xml version="1.0" encoding="UTF-8"?>
<!-- Generated by org.testng.reporters.JUnitReportReporter -->
<testsuite hostname="DESKTOP-065BF1N" failures="0" tests="3" name="day_34.SecondTest" time="20.276" errors="0" timestamp="17 Mar 2024 14:44:53 GMT" skipped="0">
  <testcase classname="day_34.SecondTest" name="openApp" time="18.251"/>
  <testcase classname="day_34.SecondTest" name="login" time="1.845"/>
  <testcase classname="day_34.SecondTest" name="closeApp" time="0.180"/>
</testsuite> <!-- day_34.SecondTest -->
