<?xml version="1.0" encoding="UTF-8"?>
<!-- Generated by org.testng.reporters.JUnitReportReporter -->
<testsuite hostname="DESKTOP-065BF1N" failures="0" tests="4" name="pack1.Class1" time="0.007" errors="0" timestamp="17 Mar 2024 17:45:10 GMT" skipped="0">
  <testcase classname="pack1.Class1" name="abc" time="0.002"/>
  <testcase classname="pack1.Class1" name="xyz" time="0.001"/>
  <testcase classname="pack1.Class1" name="xyz" time="0.001"/>
  <testcase classname="pack1.Class1" name="abc" time="0.003"/>
</testsuite> <!-- pack1.Class1 -->
