<?xml version="1.0" encoding="UTF-8"?>
<!-- Generated by org.testng.reporters.JUnitReportReporter -->
<testsuite hostname="DESKTOP-065BF1N" failures="0" tests="2" name="day_35.AllAnnotations" time="0.006" errors="0" timestamp="17 Mar 2024 14:49:27 GMT" skipped="0">
  <testcase classname="day_35.AllAnnotations" name="tm1" time="0.004"/>
  <testcase classname="day_35.AllAnnotations" name="tm2" time="0.002"/>
</testsuite> <!-- day_35.AllAnnotations -->
