<?xml version="1.0" encoding="UTF-8"?>
<!-- Generated by org.testng.reporters.JUnitReportReporter -->
<testsuite hostname="DESKTOP-065BF1N" failures="0" tests="2" name="day_35.AnnotationsDemo2" time="0.005" errors="0" timestamp="17 Mar 2024 14:53:43 GMT" skipped="0">
  <testcase classname="day_35.AnnotationsDemo2" name="search" time="0.004"/>
  <testcase classname="day_35.AnnotationsDemo2" name="advacedsearch" time="0.001"/>
</testsuite> <!-- day_35.AnnotationsDemo2 -->
