<?xml version="1.0" encoding="UTF-8"?>
<!-- Generated by org.testng.reporters.JUnitReportReporter -->
<testsuite hostname="DESKTOP-065BF1N" failures="0" tests="10" name="day_37.InvocationCountDemo" time="0.020" errors="0" timestamp="17 Mar 2024 17:57:39 GMT" skipped="0">
  <testcase classname="day_37.InvocationCountDemo" name="test" time="0.001"/>
  <testcase classname="day_37.InvocationCountDemo" name="test" time="0.001"/>
  <testcase classname="day_37.InvocationCountDemo" name="test" time="0.001"/>
  <testcase classname="day_37.InvocationCountDemo" name="test" time="0.009"/>
  <testcase classname="day_37.InvocationCountDemo" name="test" time="0.001"/>
  <testcase classname="day_37.InvocationCountDemo" name="test" time="0.001"/>
  <testcase classname="day_37.InvocationCountDemo" name="test" time="0.002"/>
  <testcase classname="day_37.InvocationCountDemo" name="test" time="0.002"/>
  <testcase classname="day_37.InvocationCountDemo" name="test" time="0.001"/>
  <testcase classname="day_37.InvocationCountDemo" name="test" time="0.001"/>
</testsuite> <!-- day_37.InvocationCountDemo -->
