<?xml version="1.0" encoding="UTF-8"?>
<!-- Generated by org.testng.reporters.JUnitReportReporter -->
<testsuite hostname="DESKTOP-065BF1N" failures="0" tests="4" name="day_37.ParamTest" time="0.274" errors="0" timestamp="17 Apr 2024 09:27:39 GMT" skipped="0">
  <testcase classname="day_37.ParamTest" name="testLogo" time="0.122"/>
  <testcase classname="day_37.ParamTest" name="testLogo" time="0.119"/>
  <testcase classname="day_37.ParamTest" name="testHomePageTitle" time="0.017"/>
  <testcase classname="day_37.ParamTest" name="testHomePageTitle" time="0.016"/>
</testsuite> <!-- day_37.ParamTest -->
