<?xml version="1.0" encoding="UTF-8"?>
<!-- Generated by org.testng.reporters.JUnitReportReporter -->
<testsuite hostname="DESKTOP-065BF1N" failures="0" tests="1" name="day_34.ThirdTestCase" time="0.007" errors="0" timestamp="17 Mar 2024 14:48:15 GMT" skipped="0">
  <testcase classname="day_34.ThirdTestCase" name="test1" time="0.007"/>
</testsuite> <!-- day_34.ThirdTestCase -->
