<?xml version="1.0" encoding="UTF-8"?>
<!-- Generated by org.testng.reporters.JUnitReportReporter -->
<testsuite hostname="DESKTOP-065BF1N" failures="0" tests="2" name="day_35.AnnotationsDemo3" time="0.004" errors="0" timestamp="17 Mar 2024 14:54:39 GMT" skipped="0">
  <testcase classname="day_35.AnnotationsDemo3" name="search" time="0.004"/>
  <testcase classname="day_35.AnnotationsDemo3" name="advacedsearch" time="0.000"/>
</testsuite> <!-- day_35.AnnotationsDemo3 -->
