<?xml version="1.0" encoding="UTF-8"?>
<!-- Generated by org.testng.reporters.JUnitReportReporter -->
<testsuite hostname="DESKTOP-065BF1N" failures="0" tests="4" name="pack1.Class2" time="0.003" errors="0" timestamp="17 Mar 2024 17:45:10 GMT" skipped="0">
  <testcase classname="pack1.Class2" name="xyz" time="0.000"/>
  <testcase classname="pack1.Class2" name="xyz" time="0.001"/>
  <testcase classname="pack1.Class2" name="abcd" time="0.001"/>
  <testcase classname="pack1.Class2" name="abcd" time="0.001"/>
</testsuite> <!-- pack1.Class2 -->
