<?xml version="1.0" encoding="UTF-8"?>
<!-- Generated by org.testng.reporters.JUnitReportReporter -->
<testsuite hostname="DESKTOP-065BF1N" failures="0" tests="9" name="day_36.Grouping" time="0.013" errors="0" timestamp="18 Mar 2024 19:18:17 GMT" skipped="0">
  <testcase classname="day_36.Grouping" name="loginByEmail" time="0.007"/>
  <testcase classname="day_36.Grouping" name="loginByfacebook" time="0.001"/>
  <testcase classname="day_36.Grouping" name="loginBytwitter" time="0.001"/>
  <testcase classname="day_36.Grouping" name="signupbyemail" time="0.000"/>
  <testcase classname="day_36.Grouping" name="signupbyfacebook" time="0.001"/>
  <testcase classname="day_36.Grouping" name="signupbytwitter" time="0.001"/>
  <testcase classname="day_36.Grouping" name="paymentindollar" time="0.000"/>
  <testcase classname="day_36.Grouping" name="paymentinrupees" time="0.001"/>
  <testcase classname="day_36.Grouping" name="paymentReturnbyBank" time="0.001"/>
</testsuite> <!-- day_36.Grouping -->
